<?xml version="1.0" encoding="UTF-8"?>
<!-- Generated by org.testng.reporters.JUnitReportReporter -->
<testsuite hostname="Swarup-PC" failures="0" tests="1" name="com.dollardays.testcases.TC_ClickItem_006" time="30.154" errors="0" timestamp="2021-01-25T14:30:40 CST" skipped="0">
  <testcase classname="com.dollardays.testcases.TC_ClickItem_006" name="loginTest" time="30.154"/>
  <system-out/>
</testsuite> <!-- com.dollardays.testcases.TC_ClickItem_006 -->
