<?xml version="1.0" encoding="UTF-8"?>
<!-- Generated by org.testng.reporters.JUnitReportReporter -->
<testsuite hostname="Swarup-PC" failures="0" tests="1" name="com.dollardays.testcases.TC_ClickSortByDropDown_004" time="17.944" errors="0" timestamp="2021-01-23T20:39:31 CST" skipped="0">
  <testcase classname="com.dollardays.testcases.TC_ClickSortByDropDown_004" name="loginTest" time="17.944"/>
  <system-out/>
</testsuite> <!-- com.dollardays.testcases.TC_ClickSortByDropDown_004 -->
