<?xml version="1.0" encoding="UTF-8"?>
<!-- Generated by org.testng.reporters.JUnitReportReporter -->
<testsuite hostname="Swarup-PC" failures="0" tests="1" name="com.dollardays.testcases.TC_AddToCart_008" time="19.415" errors="0" timestamp="2021-01-25T01:05:48 CST" skipped="0">
  <testcase classname="com.dollardays.testcases.TC_AddToCart_008" name="loginTest" time="19.415"/>
  <system-out/>
</testsuite> <!-- com.dollardays.testcases.TC_AddToCart_008 -->
