<?xml version="1.0" encoding="UTF-8"?>
<!-- Generated by org.testng.reporters.JUnitReportReporter -->
<testsuite hostname="Swarup-PC" failures="0" tests="1" name="com.dollardays.testcases.TC_GetURLTest_001" time="14.220" errors="0" timestamp="2021-01-25T01:05:48 CST" skipped="0">
  <testcase classname="com.dollardays.testcases.TC_GetURLTest_001" name="loginTest" time="14.220"/>
  <system-out/>
</testsuite> <!-- com.dollardays.testcases.TC_GetURLTest_001 -->
