<?xml version="1.0" encoding="UTF-8"?>
<!-- Generated by org.testng.reporters.JUnitReportReporter -->
<testsuite hostname="Swarup-PC" failures="0" tests="1" name="TC_ClickFavorite_003" time="11.340" errors="0" timestamp="2021-01-21T19:43:52 CST" skipped="0">
  <testcase classname="TC_ClickFavorite_003" name="loginTest" time="11.340"/>
  <system-out/>
</testsuite> <!-- TC_ClickFavorite_003 -->
