<?xml version="1.0" encoding="UTF-8"?>
<!-- Generated by org.testng.reporters.JUnitReportReporter -->
<testsuite hostname="Swarup-PC" failures="0" tests="1" name="com.dollardays.testcases.TC_AddToCart_008" time="18.504" errors="0" timestamp="2021-01-23T20:39:32 CST" skipped="0">
  <testcase classname="com.dollardays.testcases.TC_AddToCart_008" name="loginTest" time="18.504"/>
  <system-out/>
</testsuite> <!-- com.dollardays.testcases.TC_AddToCart_008 -->
