<?xml version="1.0" encoding="UTF-8"?>
<!-- Generated by org.testng.reporters.JUnitReportReporter -->
<testsuite hostname="Swarup-PC" failures="0" tests="1" name="com.dollardays.testcases.TC_SignIn_002" time="15.133" errors="0" timestamp="2021-01-23T20:39:31 CST" skipped="0">
  <testcase classname="com.dollardays.testcases.TC_SignIn_002" name="loginTest" time="15.133"/>
  <system-out/>
</testsuite> <!-- com.dollardays.testcases.TC_SignIn_002 -->
