<?xml version="1.0" encoding="UTF-8"?>
<!-- Generated by org.testng.reporters.JUnitReportReporter -->
<testsuite hostname="Swarup-PC" failures="0" tests="1" name="NewTest" time="0.000" errors="0" timestamp="2021-01-21T22:41:46 CST" skipped="0">
  <testcase classname="NewTest" name="f" time="0.000"/>
  <system-out/>
</testsuite> <!-- NewTest -->
