<?xml version="1.0" encoding="UTF-8"?>
<!-- Generated by org.testng.reporters.JUnitReportReporter -->
<testsuite hostname="Swarup-PC" failures="0" tests="1" name="com.dollardays.testcases.TC_LoginTest_001" time="2.742" errors="0" timestamp="2021-01-21T18:55:22 CST" skipped="0">
  <testcase classname="com.dollardays.testcases.TC_LoginTest_001" name="loginTest" time="2.742"/>
  <system-out/>
</testsuite> <!-- com.dollardays.testcases.TC_LoginTest_001 -->
