<?xml version="1.0" encoding="UTF-8"?>
<!-- Generated by org.testng.reporters.JUnitReportReporter -->
<testsuite hostname="Swarup-PC" failures="0" tests="1" name="com.dollardays.testcases.TC_Test_002" time="11.191" errors="0" timestamp="2021-01-16T20:39:30 CST" skipped="0">
  <testcase classname="com.dollardays.testcases.TC_Test_002" name="test2" time="11.191"/>
  <system-out/>
</testsuite> <!-- com.dollardays.testcases.TC_Test_002 -->
